<?xml version="1.0" encoding="UTF-8"?>
<!-- Generated by org.testng.reporters.JUnitReportReporter -->
<testsuite hostname="DESKTOP-V40BG9Q" failures="0" tests="1" name="testsscripts.Facebooklike" time="20.025" errors="0" timestamp="16 Feb 2021 18:07:45 GMT" skipped="0">
  <testcase classname="testsscripts.Facebooklike" name="like" time="20.025"/>
</testsuite> <!-- testsscripts.Facebooklike -->
